<?xml version="1.0" encoding="UTF-8"?>
<!-- Generated by org.testng.reporters.JUnitXMLReporter -->
<testsuite hostname="DESKTOP-DGJD4V4" name="Default test" tests="43" failures="0" timestamp="11 Jun 2018 01:10:32 GMT" time="0.987" errors="0">
  <testcase name="postGetManagerParaListTestCorrectParameter" time="0.047" classname="com.systemManagement.GetManagerParaListTest"/>
  <testcase name="postGetManagerParaListTestKeyWordsIllegalCharacters" time="0.016" classname="com.systemManagement.GetManagerParaListTest"/>
  <testcase name="postGetManagerParaListTestKeyWordsIsEmpty" time="0.047" classname="com.systemManagement.GetManagerParaListTest"/>
  <testcase name="postGetManagerParaListTestKeyWordsIsError" time="0.017" classname="com.systemManagement.GetManagerParaListTest"/>
  <testcase name="postGetManagerParaListTestKeyWordsIsLong" time="0.031" classname="com.systemManagement.GetManagerParaListTest"/>
  <testcase name="postGetManagerParaListTestKeyWordsIsNull" time="0.047" classname="com.systemManagement.GetManagerParaListTest"/>
  <testcase name="postGetManagerParaListTestKeyWordsIsSpace" time="0.016" classname="com.systemManagement.GetManagerParaListTest"/>
  <testcase name="postGetManagerParaListTestKeyWordsNonSubmissionParameters" time="0.046" classname="com.systemManagement.GetManagerParaListTest"/>
  <testcase name="postGetManagerParaListTestPageNowIsEmpty" time="0.016" classname="com.systemManagement.GetManagerParaListTest"/>
  <testcase name="postGetManagerParaListTestPageNowIsIsDecimal" time="0.016" classname="com.systemManagement.GetManagerParaListTest"/>
  <testcase name="postGetManagerParaListTestPageNowIsLong" time="0.015" classname="com.systemManagement.GetManagerParaListTest"/>
  <testcase name="postGetManagerParaListTestPageNowIsNegativeNumber" time="0.016" classname="com.systemManagement.GetManagerParaListTest"/>
  <testcase name="postGetManagerParaListTestPageNowIsNull" time="0.015" classname="com.systemManagement.GetManagerParaListTest"/>
  <testcase name="postGetManagerParaListTestPageNowIsSpace" time="0.016" classname="com.systemManagement.GetManagerParaListTest"/>
  <testcase name="postGetManagerParaListTestPageNowIsString" time="0.016" classname="com.systemManagement.GetManagerParaListTest"/>
  <testcase name="postGetManagerParaListTestPageNowIsZero" time="0.016" classname="com.systemManagement.GetManagerParaListTest"/>
  <testcase name="postGetManagerParaListTestPageNowNonSubmissionParameters" time="0.015" classname="com.systemManagement.GetManagerParaListTest"/>
  <testcase name="postGetManagerParaListTestPageSizeIllegalCharacters" time="0.016" classname="com.systemManagement.GetManagerParaListTest"/>
  <testcase name="postGetManagerParaListTestPageSizeIsEmpty" time="0.015" classname="com.systemManagement.GetManagerParaListTest"/>
  <testcase name="postGetManagerParaListTestPageSizeIsIsDecimal" time="0.016" classname="com.systemManagement.GetManagerParaListTest"/>
  <testcase name="postGetManagerParaListTestPageSizeIsLong" time="0.016" classname="com.systemManagement.GetManagerParaListTest"/>
  <testcase name="postGetManagerParaListTestPageSizeIsNegativeNumber" time="0.015" classname="com.systemManagement.GetManagerParaListTest"/>
  <testcase name="postGetManagerParaListTestPageSizeIsNull" time="0.016" classname="com.systemManagement.GetManagerParaListTest"/>
  <testcase name="postGetManagerParaListTestPageSizeIsSpace" time="0.015" classname="com.systemManagement.GetManagerParaListTest"/>
  <testcase name="postGetManagerParaListTestPageSizeIsString" time="0.016" classname="com.systemManagement.GetManagerParaListTest"/>
  <testcase name="postGetManagerParaListTestPageSizeIsZero" time="0.016" classname="com.systemManagement.GetManagerParaListTest"/>
  <testcase name="postGetManagerParaListTestPageSizeNonSubmissionParameters" time="0.015" classname="com.systemManagement.GetManagerParaListTest"/>
  <testcase name="postGetManagerParaListTestStatusIsEmpty" time="0.016" classname="com.systemManagement.GetManagerParaListTest"/>
  <testcase name="postGetManagerParaListTestStatusIsNull" time="0.015" classname="com.systemManagement.GetManagerParaListTest"/>
  <testcase name="postGetManagerParaListTestStatusIsOne" time="0.016" classname="com.systemManagement.GetManagerParaListTest"/>
  <testcase name="postGetManagerParaListTestStatusIsZero" time="0.032" classname="com.systemManagement.GetManagerParaListTest"/>
  <testcase name="postGetManagerParaListTestStatusNonSubmissionParameters" time="0.031" classname="com.systemManagement.GetManagerParaListTest"/>
  <testcase name="postGetManagerParaListTestUserIdIllegalCharacters" time="0.031" classname="com.systemManagement.GetManagerParaListTest"/>
  <testcase name="postGetManagerParaListTestUserIdIsDecimal" time="0.015" classname="com.systemManagement.GetManagerParaListTest"/>
  <testcase name="postGetManagerParaListTestUserIdIsEmpty" time="0.016" classname="com.systemManagement.GetManagerParaListTest"/>
  <testcase name="postGetManagerParaListTestUserIdIsError" time="0.016" classname="com.systemManagement.GetManagerParaListTest"/>
  <testcase name="postGetManagerParaListTestUserIdIsNegativeNumber" time="0.015" classname="com.systemManagement.GetManagerParaListTest"/>
  <testcase name="postGetManagerParaListTestUserIdIsNull" time="0.016" classname="com.systemManagement.GetManagerParaListTest"/>
  <testcase name="postGetManagerParaListTestUserIdIsSpace" time="0.016" classname="com.systemManagement.GetManagerParaListTest"/>
  <testcase name="postGetManagerParaListTestUserIdIsString" time="0.015" classname="com.systemManagement.GetManagerParaListTest"/>
  <testcase name="postGetManagerParaListTestUserIdIsZero" time="0.016" classname="com.systemManagement.GetManagerParaListTest"/>
  <testcase name="postGetManagerParaListTestUserIdNonSubmissionParameters" time="0.015" classname="com.systemManagement.GetManagerParaListTest"/>
  <testcase name="postGetManagerParaListTestpageNowIllegalCharacters" time="0.016" classname="com.systemManagement.GetManagerParaListTest"/>
</testsuite> <!-- Default test -->
