<?xml version="1.0" encoding="UTF-8"?>
<testng-results skipped="0" failed="0" total="1" passed="1">
  <reporter-output>
  </reporter-output>
  <suite name="Default suite" duration-ms="122" started-at="2018-03-26T12:03:56Z" finished-at="2018-03-26T12:03:56Z">
    <groups>
    </groups>
    <test name="Default test" duration-ms="122" started-at="2018-03-26T12:03:56Z" finished-at="2018-03-26T12:03:56Z">
      <class name="com.demo.RegisterTest">
        <test-method status="PASS" signature="accessTokenCorrectParameter()[pri:0, instance:com.demo.RegisterTest@69b2283a]" name="accessTokenCorrectParameter" duration-ms="113" started-at="2018-03-26T20:03:56Z" finished-at="2018-03-26T20:03:56Z">
          <reporter-output>
          </reporter-output>
        </test-method> <!-- accessTokenCorrectParameter -->
      </class> <!-- com.demo.RegisterTest -->
    </test> <!-- Default test -->
  </suite> <!-- Default suite -->
</testng-results>
